<?xml version="1.0" encoding="UTF-8"?>
<beans xmlns="http://www.springframework.org/schema/beans"
       xmlns:xsi="http://www.w3.org/2001/XMLSchema-instance"
       xmlns:context="http://www.springframework.org/schema/context"
       xmlns:tx="http://www.springframework.org/schema/tx"
       xmlns:jpa="http://www.springframework.org/schema/data/jpa"
       xmlns:mvc="http://www.springframework.org/schema/mvc"
       xsi:schemaLocation="http://www.springframework.org/schema/beans
       http://www.springframework.org/schema/beans/spring-beans.xsd
       http://www.springframework.org/schema/context
       http://www.springframework.org/schema/context/spring-context.xsd
       http://www.springframework.org/schema/tx
       http://www.springframework.org/schema/tx/spring-tx.xsd
       http://www.springframework.org/schema/data/jpa
       http://www.springframework.org/schema/data/jpa/spring-jpa.xsd
       http://www.springframework.org/schema/mvc
       http://www.springframework.org/schema/mvc/spring-mvc.xsd">

       <context:component-scan base-package="main" />

       <bean id="multipartResolver" class="org.springframework.web.multipart.commons.CommonsMultipartResolver" />

    <bean id="fileHandler" class="main.Services.FileHandler" scope="prototype" />

       <bean id="viewResolver" class="org.springframework.web.servlet.view.UrlBasedViewResolver">
              <property name="viewClass" value="org.springframework.web.servlet.view.JstlView" />
              <property name="prefix" value="/WEB-INF/" />
              <property name="suffix" value=".jsp" />
       </bean>


    <bean id="jpaVendorAdapter" class="org.springframework.orm.jpa.vendor.HibernateJpaVendorAdapter">
        <property name="showSql" value="true"/>
        <property name="generateDdl" value="true"/>
        <property name="database" value="MYSQL"/>
        <property name="databasePlatform" value="org.hibernate.dialect.MySQL5Dialect"/>
    </bean>

    <bean id="dataSource" class="org.springframework.jdbc.datasource.DriverManagerDataSource">
        <property name="password" value="root"/>
        <property name="username" value="root"/>
        <property name="driverClassName" value="com.mysql.jdbc.Driver"/>
        <property name="url" value="jdbc:mysql://localhost:3306/testproj?autoReconnect=true&amp;useSSL=false"/>
    </bean>

    <bean  id="entityManagerFactory" class="org.springframework.orm.jpa.LocalContainerEntityManagerFactoryBean">
        <property name="dataSource" ref="dataSource"/>
        <property name="jpaVendorAdapter" ref="jpaVendorAdapter"/>
        <property name="jpaProperties">
            <value>hibernate.hbm2ddl.auto = update</value></property>
        <property name="packagesToScan" value="main"/>
    </bean>


    <bean id="transactionManager" class="org.springframework.orm.jpa.JpaTransactionManager">
        <property name="entityManagerFactory" ref="entityManagerFactory"/>
    </bean>

    <bean id="sessionFactory" class="org.springframework.orm.hibernate5.LocalSessionFactoryBean">
        <property name="dataSource" ref="dataSource"/>
        <property name="annotatedPackages" value="main.model"/>
        <property name="hibernateProperties">
            <props>
                <prop key="hibernate.hbm2ddl.auto">update</prop>
                <prop key="hibernate.hbm2ddl.import_files">/create.sql</prop>
            </props>
        </property>
        <property name="annotatedClasses">
            <list><value>main.model.Lines</value></list>
        </property>
        <property name="packagesToScan" value="main"/>
    </bean>

    <mvc:annotation-driven>
        <mvc:message-converters>
            <bean class="org.springframework.http.converter.ResourceHttpMessageConverter"/>
            <bean class="org.springframework.http.converter.xml.Jaxb2RootElementHttpMessageConverter"/>
            <bean class="org.springframework.http.converter.json.MappingJackson2HttpMessageConverter"/>
        </mvc:message-converters>
    </mvc:annotation-driven>

    <bean name="transactionManager2"
          class="org.springframework.orm.hibernate5.HibernateTransactionManager">
        <property name="sessionFactory" ref="sessionFactory" />
    </bean>

    <tx:annotation-driven proxy-target-class="true" />

    <jpa:repositories base-package="main" />

</beans>